<?xml version="1.0" encoding="UTF-8"?>
<!-- Generated by org.testng.reporters.JUnitReportReporter -->
<testsuite hostname="DESKTOP-GQ5M48D" failures="0" tests="3" name="basicSeleniumOperations.DemoTestNG" time="0.024" errors="0" timestamp="17 Nov 2018 06:01:02 GMT">
  <testcase classname="basicSeleniumOperations.DemoTestNG" name="closeBrowser" time="0.016"/>
  <testcase classname="basicSeleniumOperations.DemoTestNG" name="enterUrl" time="0.004"/>
  <testcase classname="basicSeleniumOperations.DemoTestNG" name="zpenBrowser" time="0.004"/>
</testsuite> <!-- basicSeleniumOperations.DemoTestNG -->
