<?xml version="1.0" encoding="UTF-8"?>
<!-- Generated by org.testng.reporters.JUnitReportReporter -->
<testsuite hostname="DESKTOP-GQ5M48D" failures="0" tests="1" name="testcases.TestCase1" time="19.399" errors="0" timestamp="1 Dec 2018 06:51:34 GMT">
  <testcase classname="testcases.TestCase1" name="userRegistrationSignout" time="19.399"/>
</testsuite> <!-- testcases.TestCase1 -->
